<?xml version="1.0" encoding="UTF-8"?>
<testsuite name="com.example.weatherbot.MockitoControllerTest" tests="3" skipped="0" failures="0" errors="0" timestamp="2023-05-29T12:43:58" hostname="WIN-BJN4040QM4D" time="0.04">
  <properties/>
  <testcase name="testHomeController()" classname="com.example.weatherbot.MockitoControllerTest" time="0.031"/>
  <testcase name="testFindAll()" classname="com.example.weatherbot.MockitoControllerTest" time="0.003"/>
  <testcase name="testGetUserById()" classname="com.example.weatherbot.MockitoControllerTest" time="0.003"/>
  <system-out><![CDATA[17:43:55.687 [Test worker] DEBUG org.springframework.boot.test.autoconfigure.web.servlet.WebMvcTestContextBootstrapper - Neither @ContextConfiguration nor @ContextHierarchy found for test class [MockitoControllerTest]: using SpringBootContextLoader
17:43:55.691 [Test worker] DEBUG org.springframework.test.context.support.AbstractContextLoader - Could not detect default resource locations for test class [com.example.weatherbot.MockitoControllerTest]: no resource found for suffixes {-context.xml, Context.groovy}.
17:43:55.691 [Test worker] INFO org.springframework.test.context.support.AnnotationConfigContextLoaderUtils - Could not detect default configuration classes for test class [com.example.weatherbot.MockitoControllerTest]: MockitoControllerTest does not declare any static, non-private, non-final, nested classes annotated with @Configuration.
17:43:55.735 [Test worker] DEBUG org.springframework.boot.test.autoconfigure.web.servlet.WebMvcTestContextBootstrapper - Using ContextCustomizers for test class [MockitoControllerTest]: [DisableAutoConfigurationContextCustomizer, DisableObservabilityContextCustomizer, TypeExcludeFiltersContextCustomizer, PropertyMappingContextCustomizer, Customizer, ImportsContextCustomizer, ExcludeFilterContextCustomizer, DuplicateJsonObjectContextCustomizer, MockitoContextCustomizer]
17:43:55.788 [Test worker] DEBUG org.springframework.context.annotation.ClassPathScanningCandidateComponentProvider - Identified candidate component class: file [C:\Java Projects\weather-bot\build\classes\java\main\com\example\weatherbot\WeatherBotApplication.class]
17:43:55.789 [Test worker] INFO org.springframework.boot.test.context.SpringBootTestContextBootstrapper - Found @SpringBootConfiguration com.example.weatherbot.WeatherBotApplication for test class com.example.weatherbot.MockitoControllerTest
17:43:55.803 [Test worker] DEBUG org.springframework.boot.test.autoconfigure.web.servlet.WebMvcTestContextBootstrapper - Using TestExecutionListeners for test class [MockitoControllerTest]: [ServletTestExecutionListener, DirtiesContextBeforeModesTestExecutionListener, ApplicationEventsTestExecutionListener, MockitoTestExecutionListener, DependencyInjectionTestExecutionListener, DirtiesContextTestExecutionListener, TransactionalTestExecutionListener, SqlScriptsTestExecutionListener, EventPublishingTestExecutionListener, RestDocsTestExecutionListener, MockRestServiceServerResetTestExecutionListener, MockMvcPrintOnlyOnFailureTestExecutionListener, WebDriverTestExecutionListener, MockWebServiceServerTestExecutionListener, ResetMocksTestExecutionListener]
17:43:55.805 [Test worker] DEBUG org.springframework.test.context.support.AbstractDirtiesContextTestExecutionListener - Before test class: class [MockitoControllerTest], class annotated with @DirtiesContext [false] with mode [null]

  .   ____          _            __ _ _
 /\\ / ___'_ __ _ _(_)_ __  __ _ \ \ \ \
( ( )\___ | '_ | '_| | '_ \/ _` | \ \ \ \
 \\/  ___)| |_)| | | | | || (_| |  ) ) ) )
  '  |____| .__|_| |_|_| |_\__, | / / / /
 =========|_|==============|___/=/_/_/_/
 :: Spring Boot ::                (v3.0.4)

2023-05-29T17:43:56.136+05:00  INFO 6636 --- [    Test worker] c.e.weatherbot.MockitoControllerTest     : Starting MockitoControllerTest using Java 19.0.2 with PID 6636 (started by User in C:\Java Projects\weather-bot)
2023-05-29T17:43:56.137+05:00  INFO 6636 --- [    Test worker] c.e.weatherbot.MockitoControllerTest     : No active profile set, falling back to 1 default profile: "default"
2023-05-29T17:43:58.374+05:00  INFO 6636 --- [    Test worker] o.s.b.t.m.w.SpringBootMockServletContext : Initializing Spring TestDispatcherServlet ''
2023-05-29T17:43:58.374+05:00  INFO 6636 --- [    Test worker] o.s.t.web.servlet.TestDispatcherServlet  : Initializing Servlet ''
2023-05-29T17:43:58.377+05:00  INFO 6636 --- [    Test worker] o.s.t.web.servlet.TestDispatcherServlet  : Completed initialization in 1 ms
2023-05-29T17:43:58.410+05:00  INFO 6636 --- [    Test worker] c.e.weatherbot.MockitoControllerTest     : Started MockitoControllerTest in 2.565 seconds (process running for 3.56)
]]></system-out>
  <system-err><![CDATA[]]></system-err>
</testsuite>
