<?xml version="1.0" encoding="UTF-8"?>
<testsuite name="com.example.weatherbot.UserTests" tests="3" skipped="0" failures="0" errors="0" timestamp="2023-05-29T12:18:55" hostname="WIN-BJN4040QM4D" time="0.521">
  <properties/>
  <testcase name="testVerification()" classname="com.example.weatherbot.UserTests" time="0.512"/>
  <testcase name="testCreateUser()" classname="com.example.weatherbot.UserTests" time="0.002"/>
  <testcase name="testGetUserState()" classname="com.example.weatherbot.UserTests" time="0.004"/>
  <system-out><![CDATA[]]></system-out>
  <system-err><![CDATA[]]></system-err>
</testsuite>
