<?xml version="1.0" encoding="UTF-8"?>
<testsuite name="com.example.weatherbot.WeatherBotApplicationTests" tests="1" skipped="0" failures="0" errors="0" timestamp="2023-03-26T00:11:45" hostname="MAX" time="0.004">
  <properties/>
  <testcase name="contextLoads()" classname="com.example.weatherbot.WeatherBotApplicationTests" time="0.004"/>
  <system-out><![CDATA[2023-03-26T05:11:45.461+05:00  INFO 11992 --- [    Test worker] t.c.s.AnnotationConfigContextLoaderUtils : Could not detect default configuration classes for test class [com.example.weatherbot.WeatherBotApplicationTests]: WeatherBotApplicationTests does not declare any static, non-private, non-final, nested classes annotated with @Configuration.
2023-03-26T05:11:45.464+05:00  INFO 11992 --- [    Test worker] .b.t.c.SpringBootTestContextBootstrapper : Found @SpringBootConfiguration com.example.weatherbot.WeatherBotApplication for test class com.example.weatherbot.WeatherBotApplicationTests
]]></system-out>
  <system-err><![CDATA[]]></system-err>
</testsuite>
